0 verbose cli /home/administrator/.nvm/versions/node/v21.6.0/bin/node /home/administrator/.nvm/versions/node/v21.6.0/bin/npm
1 info using npm@10.2.4
2 info using node@v21.6.0
3 timing npm:load:whichnode Completed in 3ms
4 timing config:load:defaults Completed in 2ms
5 timing config:load:file:/home/administrator/.nvm/versions/node/v21.6.0/lib/node_modules/npm/npmrc Completed in 1ms
6 timing config:load:builtin Completed in 1ms
7 timing config:load:cli Completed in 3ms
8 timing config:load:env Completed in 0ms
9 timing config:load:file:/home/administrator/learnings/DuplicateTab-Dector/DuplicateTab-Dector/.npmrc Completed in 0ms
10 timing config:load:project Completed in 2ms
11 timing config:load:file:/home/administrator/.npmrc Completed in 1ms
12 timing config:load:user Completed in 2ms
13 timing config:load:file:/home/administrator/.nvm/versions/node/v21.6.0/etc/npmrc Completed in 0ms
14 timing config:load:global Completed in 0ms
15 timing config:load:setEnvs Completed in 1ms
16 timing config:load Completed in 11ms
17 timing npm:load:configload Completed in 11ms
18 timing config:load:flatten Completed in 2ms
19 timing npm:load:mkdirpcache Completed in 7ms
20 timing npm:load:mkdirplogs Completed in 1ms
21 verbose title npm pack
22 verbose argv "pack" "--cache" "./tmp-npm-cache"
23 timing npm:load:setTitle Completed in 0ms
24 timing npm:load:display Completed in 1ms
25 verbose logfile logs-max:10 dir:/home/administrator/learnings/DuplicateTab-Dector/DuplicateTab-Dector/tmp-npm-cache/_logs/2025-11-20T06_33_19_033Z-
26 verbose logfile /home/administrator/learnings/DuplicateTab-Dector/DuplicateTab-Dector/tmp-npm-cache/_logs/2025-11-20T06_33_19_033Z-debug-0.log
27 timing npm:load:logFile Completed in 8ms
28 timing npm:load:timers Completed in 0ms
29 timing npm:load:configScope Completed in 0ms
30 timing npm:load Completed in 53ms
31 silly logfile done cleaning log files
32 timing arborist:ctor Completed in 0ms
33 timing arborist:ctor Completed in 0ms
34 notice
35 notice package: duplicate-tab-detector@1.0.0
36 notice === Tarball Contents ===
37 notice 2.1kB README.md       
37 notice 1.1kB dist/index.d.mts
37 notice 1.1kB dist/index.d.ts 
37 notice 5.4kB dist/index.js   
37 notice 4.2kB dist/index.mjs  
37 notice 776B  package.json    
38 notice === Tarball Details ===
39 notice name:          duplicate-tab-detector                  
39 notice version:       1.0.0                                   
39 notice filename:      duplicate-tab-detector-1.0.0.tgz        
39 notice package size:  3.3 kB                                  
39 notice unpacked size: 14.7 kB                                 
39 notice shasum:        9aa599556ddbeb71af26f41b18a2489836903e3d
39 notice integrity:     sha512-5w5/j1Q4cmeu5[...]EABTAnbykSfmQ==
39 notice total files:   6                                       
40 notice
41 timing command:pack Completed in 2645ms
42 verbose exit 0
43 timing npm Completed in 2845ms
44 info ok
